<?xml version="1.0" encoding="UTF-8"?>
<testng-results skipped="0" failed="1" ignored="0" total="3" passed="2">
  <reporter-output>
  </reporter-output>
  <suite name="TestSuite" duration-ms="34006" started-at="2019-09-04T07:45:19Z" finished-at="2019-09-04T07:45:53Z">
    <groups>
    </groups>
    <test name="ChromeTest" duration-ms="10673" started-at="2019-09-04T07:45:19Z" finished-at="2019-09-04T07:45:30Z">
      <class name="cBrowser.CB">
        <test-method status="PASS" signature="setup(java.lang.String)[pri:0, instance:cBrowser.CB@17579e0f]" name="setup" is-config="true" duration-ms="4999" started-at="2019-09-04T07:45:19Z" finished-at="2019-09-04T07:45:24Z">
          <params>
            <param index="0">
              <value>
                <![CDATA[chrome]]>
              </value>
            </param>
          </params>
          <reporter-output>
          </reporter-output>
        </test-method> <!-- setup -->
        <test-method status="PASS" signature="login()[pri:0, instance:cBrowser.CB@17579e0f]" name="login" duration-ms="4207" started-at="2019-09-04T07:45:24Z" finished-at="2019-09-04T07:45:29Z">
          <reporter-output>
          </reporter-output>
        </test-method> <!-- login -->
        <test-method status="PASS" signature="closeBrwoser()[pri:0, instance:cBrowser.CB@17579e0f]" name="closeBrwoser" is-config="true" duration-ms="1447" started-at="2019-09-04T07:45:29Z" finished-at="2019-09-04T07:45:30Z">
          <reporter-output>
          </reporter-output>
        </test-method> <!-- closeBrwoser -->
      </class> <!-- cBrowser.CB -->
    </test> <!-- ChromeTest -->
    <test name="FirefoxTest" duration-ms="23492" started-at="2019-09-04T07:45:19Z" finished-at="2019-09-04T07:45:43Z">
      <class name="cBrowser.CB">
        <test-method status="PASS" signature="setup(java.lang.String)[pri:0, instance:cBrowser.CB@80503]" name="setup" is-config="true" duration-ms="14556" started-at="2019-09-04T07:45:19Z" finished-at="2019-09-04T07:45:34Z">
          <params>
            <param index="0">
              <value>
                <![CDATA[Firefox]]>
              </value>
            </param>
          </params>
          <reporter-output>
          </reporter-output>
        </test-method> <!-- setup -->
        <test-method status="PASS" signature="login()[pri:0, instance:cBrowser.CB@80503]" name="login" duration-ms="3202" started-at="2019-09-04T07:45:34Z" finished-at="2019-09-04T07:45:37Z">
          <reporter-output>
          </reporter-output>
        </test-method> <!-- login -->
        <test-method status="PASS" signature="closeBrwoser()[pri:0, instance:cBrowser.CB@80503]" name="closeBrwoser" is-config="true" duration-ms="5724" started-at="2019-09-04T07:45:37Z" finished-at="2019-09-04T07:45:43Z">
          <reporter-output>
          </reporter-output>
        </test-method> <!-- closeBrwoser -->
      </class> <!-- cBrowser.CB -->
    </test> <!-- FirefoxTest -->
    <test name="Edge" duration-ms="23299" started-at="2019-09-04T07:45:30Z" finished-at="2019-09-04T07:45:53Z">
      <class name="cBrowser.CB">
        <test-method status="PASS" signature="setup(java.lang.String)[pri:0, instance:cBrowser.CB@2a742aa2]" name="setup" is-config="true" duration-ms="2412" started-at="2019-09-04T07:45:30Z" finished-at="2019-09-04T07:45:32Z">
          <params>
            <param index="0">
              <value>
                <![CDATA[IE]]>
              </value>
            </param>
          </params>
          <reporter-output>
          </reporter-output>
        </test-method> <!-- setup -->
        <test-method status="FAIL" signature="login()[pri:0, instance:cBrowser.CB@2a742aa2]" name="login" duration-ms="20341" started-at="2019-09-04T07:45:32Z" finished-at="2019-09-04T07:45:53Z">
          <exception class="org.openqa.selenium.NoSuchElementException">
            <message>
              <![CDATA[Unable to find element with name == uid (WARNING: The server did not provide any stacktrace information)
Command duration or timeout: 0 milliseconds
For documentation on this error, please visit: http://seleniumhq.org/exceptions/no_such_element.html
Build info: version: '3.9.1', revision: '63f7b50', time: '2018-02-07T22:42:28.403Z'
System info: host: 'SANJAY-PC', ip: '192.168.0.100', os.name: 'Windows 7', os.arch: 'amd64', os.version: '6.1', java.version: '1.8.0_221'
Driver info: org.openqa.selenium.ie.InternetExplorerDriver
Capabilities {browserAttachTimeout: 0, browserName: internet explorer, cssSelectorsEnabled: true, elementScrollBehavior: 0, enableElementCacheCleanup: true, enablePersistentHover: true, handlesAlerts: true, ie.browserCommandLineSwitches: , ie.ensureCleanSession: false, ie.forceCreateProcessApi: false, ie.usePerProcessProxy: false, ignoreProtectedModeSettings: false, ignoreZoomSetting: false, initialBrowserUrl: http://localhost:20210/, javascriptEnabled: true, nativeEvents: true, pageLoadStrategy: normal, platform: WINDOWS, platformName: WINDOWS, requireWindowFocus: false, takesScreenshot: true, unexpectedAlertBehaviour: dismiss, unhandledPromptBehavior: dismiss, version: 11}
Session ID: de16c2e9-46fc-4508-9a33-2f4663c25b6d
*** Element info: {Using=name, value=uid}]]>
            </message>
            <full-stacktrace>
              <![CDATA[org.openqa.selenium.NoSuchElementException: Unable to find element with name == uid (WARNING: The server did not provide any stacktrace information)
Command duration or timeout: 0 milliseconds
For documentation on this error, please visit: http://seleniumhq.org/exceptions/no_such_element.html
Build info: version: '3.9.1', revision: '63f7b50', time: '2018-02-07T22:42:28.403Z'
System info: host: 'SANJAY-PC', ip: '192.168.0.100', os.name: 'Windows 7', os.arch: 'amd64', os.version: '6.1', java.version: '1.8.0_221'
Driver info: org.openqa.selenium.ie.InternetExplorerDriver
Capabilities {browserAttachTimeout: 0, browserName: internet explorer, cssSelectorsEnabled: true, elementScrollBehavior: 0, enableElementCacheCleanup: true, enablePersistentHover: true, handlesAlerts: true, ie.browserCommandLineSwitches: , ie.ensureCleanSession: false, ie.forceCreateProcessApi: false, ie.usePerProcessProxy: false, ignoreProtectedModeSettings: false, ignoreZoomSetting: false, initialBrowserUrl: http://localhost:20210/, javascriptEnabled: true, nativeEvents: true, pageLoadStrategy: normal, platform: WINDOWS, platformName: WINDOWS, requireWindowFocus: false, takesScreenshot: true, unexpectedAlertBehaviour: dismiss, unhandledPromptBehavior: dismiss, version: 11}
Session ID: de16c2e9-46fc-4508-9a33-2f4663c25b6d
*** Element info: {Using=name, value=uid}
at sun.reflect.NativeConstructorAccessorImpl.newInstance0(Native Method)
at sun.reflect.NativeConstructorAccessorImpl.newInstance(Unknown Source)
at sun.reflect.DelegatingConstructorAccessorImpl.newInstance(Unknown Source)
at java.lang.reflect.Constructor.newInstance(Unknown Source)
at org.openqa.selenium.remote.ErrorHandler.createThrowable(ErrorHandler.java:214)
at org.openqa.selenium.remote.ErrorHandler.throwIfResponseFailed(ErrorHandler.java:166)
at org.openqa.selenium.remote.http.JsonHttpResponseCodec.reconstructValue(JsonHttpResponseCodec.java:40)
at org.openqa.selenium.remote.http.AbstractHttpResponseCodec.decode(AbstractHttpResponseCodec.java:80)
at org.openqa.selenium.remote.http.AbstractHttpResponseCodec.decode(AbstractHttpResponseCodec.java:44)
at org.openqa.selenium.remote.HttpCommandExecutor.execute(HttpCommandExecutor.java:160)
at org.openqa.selenium.remote.service.DriverCommandExecutor.execute(DriverCommandExecutor.java:83)
at org.openqa.selenium.remote.RemoteWebDriver.execute(RemoteWebDriver.java:601)
at org.openqa.selenium.remote.RemoteWebDriver.findElement(RemoteWebDriver.java:371)
at org.openqa.selenium.remote.RemoteWebDriver.findElementByName(RemoteWebDriver.java:449)
at org.openqa.selenium.By$ByName.findElement(By.java:303)
at org.openqa.selenium.remote.RemoteWebDriver.findElement(RemoteWebDriver.java:363)
at cBrowser.CB.login(CB.java:67)
at sun.reflect.NativeMethodAccessorImpl.invoke0(Native Method)
at sun.reflect.NativeMethodAccessorImpl.invoke(Unknown Source)
at sun.reflect.DelegatingMethodAccessorImpl.invoke(Unknown Source)
at java.lang.reflect.Method.invoke(Unknown Source)
at org.testng.internal.MethodInvocationHelper.invokeMethod(MethodInvocationHelper.java:124)
at org.testng.internal.Invoker.invokeMethod(Invoker.java:583)
at org.testng.internal.Invoker.invokeTestMethod(Invoker.java:719)
at org.testng.internal.Invoker.invokeTestMethods(Invoker.java:989)
at org.testng.internal.TestMethodWorker.invokeTestMethods(TestMethodWorker.java:125)
at org.testng.internal.TestMethodWorker.run(TestMethodWorker.java:109)
at org.testng.TestRunner.privateRun(TestRunner.java:648)
at org.testng.TestRunner.run(TestRunner.java:505)
at org.testng.SuiteRunner.runTest(SuiteRunner.java:455)
at org.testng.SuiteRunner.access$000(SuiteRunner.java:40)
at org.testng.SuiteRunner$SuiteWorker.run(SuiteRunner.java:489)
at org.testng.internal.thread.ThreadUtil$1.call(ThreadUtil.java:52)
at java.util.concurrent.FutureTask.run(Unknown Source)
at java.util.concurrent.ThreadPoolExecutor.runWorker(Unknown Source)
at java.util.concurrent.ThreadPoolExecutor$Worker.run(Unknown Source)
at java.lang.Thread.run(Unknown Source)
]]>
            </full-stacktrace>
          </exception> <!-- org.openqa.selenium.NoSuchElementException -->
          <reporter-output>
          </reporter-output>
        </test-method> <!-- login -->
        <test-method status="PASS" signature="closeBrwoser()[pri:0, instance:cBrowser.CB@2a742aa2]" name="closeBrwoser" is-config="true" duration-ms="527" started-at="2019-09-04T07:45:53Z" finished-at="2019-09-04T07:45:53Z">
          <reporter-output>
          </reporter-output>
        </test-method> <!-- closeBrwoser -->
      </class> <!-- cBrowser.CB -->
    </test> <!-- Edge -->
  </suite> <!-- TestSuite -->
</testng-results>
